<?xml version="1.0" encoding="UTF-8"?>
<!-- Generated by org.testng.reporters.JUnitXMLReporter -->
<testsuite hostname="Sasi-Inspiron" ignored="0" name="Default test" tests="3" failures="0" timestamp="2022-08-15T15:59:38 PDT" time="13.602" errors="0">
  <testcase name="Test1" time="3.469" classname="com_AutomationTalks.demoProject1Cloud.TestClass1"/>
  <testcase name="Test2" time="0.961" classname="com_AutomationTalks.demoProject1Cloud.TestClass1"/>
  <testcase name="Test3" time="0.882" classname="com_AutomationTalks.demoProject1Cloud.TestClass1"/>
</testsuite> <!-- Default test -->
