<?xml version="1.0" encoding="UTF-8"?>
<!-- Generated by org.testng.reporters.JUnitXMLReporter -->
<testsuite hostname="Sasi-Inspiron" ignored="0" name="Test" tests="3" failures="0" timestamp="2022-08-15T15:58:55 PDT" time="17.069" errors="0">
  <testcase name="Test1" time="1.99" classname="com_AutomationTalks.demoProject1Cloud.TestClass1"/>
  <testcase name="Test2" time="3.252" classname="com_AutomationTalks.demoProject1Cloud.TestClass1"/>
  <testcase name="Test3" time="0.875" classname="com_AutomationTalks.demoProject1Cloud.TestClass1"/>
</testsuite> <!-- Test -->
